8187
3895
2991
4972
7049
7550
5120
2051
1732
2966
6338
1647
1514
5027
7532
3392
6316
6888
992
5969
7101
4498
3694
5204
1087
4642
5091

1594
7529
4223
2314
6697
6935
2435
5133
1498
2446
3511
1811
1333
4429
3966
6935
2068
6196
8446
7485
7490
2767
3711
7880
6361
3619
3952
8446
1056
3106
576
3043
4719
5800
3763
6488
1492
6273
942
3398
1094
5362
5730
1966
8446
962
8446
5241
2024
8446
3376
5465
7705
1463
1899
2856
3619
3476
1595
6096
3702

5906
3431
5452
2250
2071
1934
6351
6069
6885
6885
1270

1956
3287
1884
522
733
3816
3816
1298
3816
1892
1517
2503
1262
3816
3816
934
1298
1892
3816
1298
3816
2299
1643
1337
979
1835
2091
3816
3040
1205
2446
1827
730
3816
1770
3032
1563
3023
3816
1517
1835
3816
1571
1372
3287
1034
1337
2503
2611
2091
3816
3140
2247
3816
3461
850
1162
841
1580
1571
850
3140
1827
2620
3816
3816
1818
1517
3816
1710
1634
2310
1634
3816
2839
1700
1517
3032
934
3032
1337

4205
2566
1605
4205
1242
2509
3971
2565
3915
4205
3971

5095
3274
1992
1701
3326
4664
1244
4594
5440
1620
4598
3974
4287
3641
5045
720
4802
3431
3334
2738
2441
1854
3027
5011
3190
2435
1556
3830
4211
4544
3664
1186
4540
5560
3534
2846
4578
4455
5560
3581
2613
4943
4299
1621
5560
1658
4823
3253
4492
2014
1625
2211
3215
4165
4338
3343
5560
2912
3481
2373
4029
3976
3152
2671
1616
4457
2978
2793
5095
4945
5095
5560
2415
2901
4823
2161
5012
5215
4111
3581
1181
2700
2552
2435
3290
1971
3293
2491
2741
4516
3659
4111
3087
2370
4275
3807
1792
2963

1511
2314
2314
2314
2128
1758
1359
1758
1758

3899
3338
1973
1519
1701
3899
1481
754
1296
3899
3671
1232
1232
3448
2119
754
3430
1250
1745
3430
1365
2347
1220
2680
3430
2680
3202
3671
3202
1276
3338
1624
1837
2495
3671
1878
1745
3899
2680
2285
3430
1128
3110
2846
3899
1911
843
1504
3430
1276
3899
1878
436
2534
3837
3671
1614
2395
2347
3671
3899
2439
2534
920
2395
1475
2119
3056
1606
1701
3899
1250
3837
1475
1312
1543
1926

764

2472
2241
3075
3796
1971
2889
3560
582
2915
1700
3707
451
2494
1243
3479
381
820
3796
3796
1638
1500
2436
2844
2619
381
1701
1469
2427
2003
1379
847
1377

1143
1124
2486
1444
2486
1889
2486
2433
1290
1220
1762
1801
1832
1259
1077
2486
2486
1549
1042
2486
912
2345
2486
1458
2259
863
1940
1255
1290
687
2486
2486
2398
2486
2486
1081
1762
533
1836
1940
1953
1940
1779
2486
1081
1496
991
599
654
2433
1723
989
2486
2486
1723
2486
1171
1407
1124
1832
950
2259
2486
1196
2486
2486
2486
2171
1920
1220
1220
1856
1216
1235
1259

6011
2468

4848
851
2147
1659
6360
4764
1345
5519
6360
3662
4085
5883
4668
6360
4665
4750
5277
3871
5731
2294
4738
6219
3459
837
2311
3277
6360
6360
2396
5441
1245
3270
3486
3653
3930
3650
3487
2909
1700
5163
1644
1395
925
3236
1089
1046
1682
5154
4122
696
2452
2662
3464
2970
4404
5225
3811
1086
2621
4534
4625
5971
2199
5129
3235
3842
4704
6070
6360
2978
5994
4650
6070
4859
2114

4640
2908
3535

7860
3400
1146
1605
5342
2324
9150
4836
6854
4152
8037
4407
7045
8656
2169
1256
4332
5252
7011
4671
3164
6929
7241
1209
7512
8127
2889
9222
1327
1596
4690
1363
7143
8127
2548
6210
9222
8470
3217
6417
6817
1605
7181
3415

1128
699
1663
916
2097
524
964
1939
2402
846
2043
1274
1979
2584
1065
1551
2908
642
354
1427
1815
1939
2140
969
3061
964
699
3056
2860
2319
2485
2298
2298
524
189
1788
2520
1944
3061
1068
2707
2314
1403
1339
2860
1821
1280
2520
1968
2943
3061
2860
1933
1329
1592
1939
2086
206
3061
3061
1757
2742
1065
2086
506
1717
158
2520
206
2860
1505

5751
7424
4885
5695
1502
6290
1298
4505
3735

1396
1686
1625
1411
251

903
751
1258
2053
1935
1838
2053
998
2053
2053
1161
329
1264
789
1732
2041
329
2053
2053
1150
1376
435
1258
1118
871
2053
903
1947
2053
1080
2041
1935
1080
1258
1080
1012
2041
2053
1364
1258
1086
1035
1112
1935
2041
1712
789
1124
1606
1112
1080
1935
1124
1376
1150
1118
1086
2041
1112
327
998
2053
1049
871
2053
1256
1250
1270
898
1947
2053
1250
2053
1832
1364
2041
1086
789
2041
903
1080
1838
1376
1264
1947
1612
2053
1112
803
2047
1935

3199

