4934
3418
4384
1117
3647
1209
4752
3665
3003
1773
4351
5235
1608
1986
3758
4931
4986
2091
1935
2642
322
3996
2742
1556
2741
2765
3606
4509
3457
4183
2639
2973
4986
5080
1204
4168
5235
1014
4097
5072
4506
908
1834
5213
4175
4597
2966
4699
1704
1273
4162
5235
4505

4491
3404
2969
1536
1437
2683
981

9156

5483
7642
1366
7805
4197
7864
6060
3881
1731
3030
9029
9029
5450
7370
7803
7410
3442
4744
4451
8518
6223
1315
7895
2057
6416
8120
6857
3855
1842
6330
6548
8246
5335
1367
6632
5028
2292
8577
7550
4017
7934
4832
6903
8466
5844
1896
5699
3924
8260
7159
7555

1965
2809
4677
3181
3857
4032
3749
3259
4387
3397
2523
4287
1836
2581
3956
3369
3765
3991
1340
3608
752
2835
1520
2743
4011
3706
2782
2147
4362
4677
305
4235
3701
2922
2256
3462
1355
993
2664
3978
1630
4139
4673
1217
4677
4677
4318
1144
3687
2996
4508
4177
4508
4677
998
803
4498
3284
3666
4528
3231
934
2233
3085
2602
1584
3614
1895
1144

5369
5232
1677
4491
3781
5155
1937
4538
610
1475
2262
5643
1871
4253
2784
1160
1133
3484
2125
1035
4764
5112
2408
5064
4457
1089
3990
1501
5643
1487
2736
1181
4205
5369
1904
5643
894
4158
5643
3920
3706
649
4262
3622
5294
4911
5643
205
1539
5643
3537
5155
1731
3864
1831
5643
1178
3522
5249
2106
3500
693
3223
1138
2067
1725
4839
5643
5272
1328
2679
1154
5297

4715
4770
2723
1497
1857
4013
3074
4770
1634
2030
2184
1919
4384
3823
4190
1832
1560
1964
2063
2956
3086
2800
4770
964
1105
4355
3796
4676
1953

992
6315
1769
5919
2093
2320
1316
1647
5701
519
5959
2288
3499
2914
4604
930
3750
4333
4405
2823
5482
5125
1196
2563
4131
2296
5449
6436
3014
4196
4260
2463
6178
1397
4220
2588
6436
2888
6192
2647
5658
4212
6436
1118
3907
5859
4230
6032
5853
6436
5069
2409
5847
5443
1820
1139
3346
740
5658
5474
3379
899
4731
2119
5847
6436
4602
399
1836
3881
5254
4012
6436
4155
6436
5798

1582

2109
6673
3750
6784
1563
2856

4066
9990
2124
1621
5293
8819
10692
4596
6342
3878
6620
861
2160
2489
8939
1272
10692
7566
9613
6740
6866
2786
3369
5390
9447
7985
9824
9579
3999
990
8421
1058
1897
6103
4047
8846
9603
9317
3923
6026
6314
7234
10692
4836
9933
10692
1852
1705
8895
5585
8116
1964
1165
5793
4992
10692
9509
1349
4753
5231
5974
6431
10467
9613
7616
9534
1584
1244
10052
9379
2064
3587
7524
10692
8508
526
7983
10338
9353
8579
10692
9556
4960
3365
1776
3279
8772
3558
6089
1671
4351
5285

3602

4724

2881
2936
4541
4440
3980
3057
2500
2631
3473
4541
2009
3768
1127
3446
4541
1207
1394
2982
3492
3630
4541
1964
3620
3942
4541
2164

7966
3348
1958

1236
5085

1795
2340
1052
1795
1378
1923
2340
1597
1378
1052
1705
962
962
1795

5652
6793
1979
1087
8494
4982
1827
1300
1935
5022
3290
1702
6990
7799
6788
8245
3349
3180
4651
1492
4277
5937
7567
3623
4986
8392
8725
1703
6174
4282
5090
1696
3719
1163
7120
7327
8226
8745
1374
8526
2487
2598
5085
2652
2934
7584
6340
5874
8608
2726
9158
3855
6368
7720
9158
5291
6478
4669
8294
3465
1790
1382
6558
4244
8725
1740
5256
6553
7899
7740
4905
6727
1586
1910
6650

9671
4813
3879
6025
4838
6055
2029
5398
791
9602
10122
3686
1406
5802
3729
1097
9737
4522
6676
8093
4310
4997
10122
10075
8889
8928
10122
5350
5445
6758
1751
7207
9920
3238
1864
2323
1422
5470
10122
10122
2605
9252
9730
3705
9211
9997
9176
5051
9274
1833
5498
4329
9673
5595
3760
5902
6728
8474
9673
9737
5493
10122
5042
8365
3264

8662
4951
7028
1884

