4218
2318
3769
4218
1665
3313
3769
1869
1821
2360
1010
1274
3506

828
1170
4010
3865
1170
4010
1564
3319
1870
4010
1171
2420
2958
1950
1525
2112
3614
3264
2592
4010
4010

4819
5349
7126
3737
7527
2193
8296
1079
4562
4889
6283
8296
2567
8045
4580
7839
6614
2684
2785
7899
7951
7711
6929
6934
7344
7839
1803
7259
3433
1929
7112
5759
4017
4898
8296
2443

1530
2034
1458
1473
1530
2034
2034
2034
1530
1473
2034
2034
2034
1531
2034
1027
1473
1473
2034
1027
1473
1458
1065
1065
970
2034
2034
1530
1473
1458
1473
2034
1530
2034
2034
1473
2034

638
952
1143
1143
1143
609
1057
609
1143
1143
1143
696
609
952
782
609
696
1143
609
1143
638
1143
609
1057
866
1143
1057
1143
609
782
638
1143
1057
866
1143
866
1057
1143
1143
609
638
952
1143
1143
609
696
866
1143
1057
782
782
609
1143
952
1143
609
1057
638
609
638
1143
1057
866
1143
1143
1143
609
952
1143
1057
609
1057
638
952
1057
1143
1143
1057
952
1143
1143
609
952
609
1143
866
1143
1143
866
866
866
782

5305
1319
4183
1143
5229
7010
6021
4560
2726
2750
3458
1601
1816
5609
3363
4150
1475
1768
2204
2376
4056
332
4920
6052
2492
3330
5514
5413
1609
2521
6046
2500
2407
7375
1016
1655
6205
4406
2237
1302
4706
5577
1128
2717
7157
909
2521
4472
1323
6570
4524
4667
3033
4375
1831
2219
5645
5546
3229
5114
2854
5184
1354
5273
1629
4922
3918
2415
405
3891
2230
2752
4334
500
5057
1976
1658
3057
6132
6351
4508
4857
6638
606
5434
3235
5363
5171
2986
7375
5157
5966
4360
1600

989
1765
1156
1779
1765
1003
1819
1003
1210
830
1765
1725
1210
1779
1819
1210
1210
1116
1819
1170
1210
1765
830
1170
1210
1598
1116
1210
1819
1210
1819
1003
1210
1003
1170
870
816
1779
1210
1156
1003
1598
1003
1210
1779
1819
1598
836
1003
1170
1765
1156
836
1598
836
1003
1598
1779
1170
1170
1765
1819
1170
1598
1170
1779
1170
1210
1819
1819
1779
1210
1210
1210
1819
1003
1725
1116
261
1210
1819
1819
1819
1725
1598
1725
1819
1819
836
1819
1598

2078
5984
4337
1623
4032
3581
3653
3754
5984
2340
5357
2153
4432
2210
3581
2577
4065
4103
1223
5984
2411
2274
1776
2011
5453
3914
1927
1296
5984
3310
1750
3460
2457
2211
2648
5073
4446
2001
5984
3435
5984
2640
5984
1769
4579
3754
5444
4060
5203
3523
5444
4220
1373
4446
4147
4662
3389
3542
4452
1296
4517

1145

3695
5055
1525
4318
1011
1820
1881
1902
5055
1699
3096
4804
2826
4067
3475

2120
3658
4675
2919
6420
2548
1414
5089
4355
6578
2089
4405
5833
3158
3184
5833
6578
6222
6578
4126
2418
2769
2872
4986
3664
5661
3324
2228
1203
5045
5661
1637
6420
4935
3418
897
2272

6038
8107
5755
2517
3311
9478
5109
872
7521
8854
5365
6338
8597
8724
7971
6908
8861
8532
4939
771
9090
2483
7505
8139
3801
1667
8107
5158
660
5417
1563
1827
3833
4071
3831
1751
1122

5122
6541
4282
4143
8293
7748
8660
5090
8040
8587
8540
2046
7601
6330
1353
9865
6020
4189
5351
2061
4187
6726
2323
7649
715
1058
4750
7742
9182
5980
7909
3069
2523
1249
2991
4093
673
4591
1707
3577
8876
4984
8384
1724
3907
3208
2509
4972
9865
5275
7510
9717
4992
8140
5246
2791
6744
1415
2223

1858
1107
1582
1858
1582
1229
2494
1582
2494
2494
1865
1865
2494

3536
3515
1219
2127
2152
3717
1967
2550
4167
2642
2459
1419
3717
4632
4203
2791
2804
1354
3885
1956
3996
1716
2424
3959
4247
2610
1778

1339
3482
2225
3017
2434
1754
3482

419
318
432
419
218
217
432
432
318
432
218
128
218
432
128
318
432
419
218
419
318
318
318
432
217
128
305
432
218
318
432
419
318
217
432
305
432
432
432
218
432
419
432
218
218
419
318
432
419
432
305
128
218
218
217
128
432
419
318
318
218
419
432
318
432
318
432
432
305
432
318
318
217
419
218
128
432

1598
1133
1108
1598
1192
2031
1554
1240
982
2031
1133
2031
2031
1014
1240
1541
1791
1301
1554
2031
1240
1477
1853
875
2031
1358
1541
2031
1370
1121
2031
1108
2031
1554
1853
1240
1363
871
1554
750
2031
1222
2031
1853
1358
1286
2031
982
1853
1192
1286
987
1554
996
2031
1115
1115
2031
1598
1541
1541
878
2031
1477
2031
1541
871
1684
1477
1251
1046
1853
1746
2031
1554
1222
1853
2031
1554
1791
1046
1064
1126
1853
2031
2031
1477
1684
1301
1746
2031
1853
1791
2031
1616

8634
1259
9141
9419
4669
9419
2737
4390
5545
4535
7124
684
1234
8587
4925
6734
6820
8067
8442
7291
6882
577
8771
2605
4502
8852
1522
9307
3176
5833
4714
4176
8485
8349
7062
9419
8380
5359
9419
7891
3324
1414
7784
6630
2648
4525
5980
2666
1952
7408
1013
2404
1417
6292
3774
5678
2793
6526
1016
8381
8036

4168
2798
2798
2664
4168
3231
2038
3307
2466
4168
1583
1999
2370
4168
1702
3108
2171
4168
2975
4168
4168
2051
3326
2566
4168
3836
2370
4168
2326
2798
4168
1292
3130
1428
2035
2740
3326
2365
4168
3089
3972
1528
3950
2585
1504
3095
2664
2466
1308
1506
4168
3754
4168
1999
2994
2370
2679
2465
2389
3307
3972
3950
3950
567
1818
4168
3111
2860
2544
1999
3111
3207
4168
1428
2566
2171
4168
4168
4168
1915
1724
939
2171
2345
2975
1915
1800
1839
4168
3601
3209
4168
1032
2247

