2380

2310
2310
1623
792
2298
2298
2298
1706
1367
2298
1766
1435
931
1919
2181
1623
1322
1919
1577
1177
2239
1192
1907
2310
695
2310
2310
931
2310
873
2310
1393
2181
1568
1919
1623
2086
1189
802
2310
2181
1695
2310
1790
1718
2310
2298
2310
1509
2157
1706
1695
1907
1568
2310
766
2086
1494
695
2298
2157
1568
1709
778
2157
1105
1683
2169
2298
1683
2181
2110
1494
992
1169
1623
639
1683
1577
695
1968
1778
1623
1647
2310
1494
2310
1683
2298
1719
1909
2157
589
647
730
2181
592

3907
1945
3126
3140
2911

4396
3863
5593
5478
5724
6731
3854
3533
6886
1240
2583
4976
6158
5126
6486
2983
1947
7552
1432
1035
4923
3902
5624
2231
8030
4234
6080
2036
2328
7287
7233
2808
8030
6207
1557
7279
7804
1428
5478
1456
3155
5737
2919
6554
6729
4080
1961
6762
6647

1605
2544
1765
4852
941
3013
1554
2152
4852
3864
1254
1908
4852
1626
4631
3481
4729
2219
1522
1675
3300
3203
2338
4766
3907
1292
4852
1028
4248
3260
1529
622
2618
4496
2431
3513
2753
2808
4766
1063
4852
3428
4175
3026
3686
692
2561
4371
3129
2029
2783
3510
2853
3892
4852
2795
2076

2175
1546
1818
1546
2307
1691
847
1641
1546
1818
1727
1546
1727
847
1641
1727
1818
1432
1546
2307
1727
1300
2211
1582
1818
1691
1818
2307
1818
1432
2307
1691
1432
2307
1582
1432
1727
1336
2307
1722
2307
2175
2307
1691
943
2307
1191
1364
1686

2129

1383
4407
4407
2585
2529
3889
4407
4003
2034
2695
3307
3862
3814
2702
2531
2364
2872
3591
2432
3187
3814
1304
4407
3110
2188
4096
1043
2159
4407
3187
4407
2851
4407
4407
2247
3173
3352
2443
1762
4337
4337
1886
1931
3117
3117
3232
4407
1609
2390
3463
1630
2418
4407
1690
3889
2873
2443
3852
2684
1527
2194
1078
4407
3911
3461
2026
2409
2056
4407
3591
4106
3521
3606
4003
4407
3217
4010
4407
2270
3889
3852

862
862
1564
1506
1564
1564
1194
1564
1564
1564
1506
862
1564
1506
862
871
871
1194
751
1194
1564
381
862

8557
4171
2788
7613
2126
4961
2332
1937
7051
4969
5658
4260
8557
5195
5518
3587
5301
3847
5686
1545
5768
4932
6608
3685
1129
1839
4288
5537
6521
3298
7650
3774
7726
1259
2706
5036
8292
7049
7356
4519
4380
8557
2155
8465
1737
5090
2651
7796
2976
7219
7388
2513
7450
2378
6798
7650
3108
4467
7896
1612
8557
1764
6627
1846
4251
1835
4877
4526
3889
7121
4079
3989
801
6237
6546
3632
8557
7004
4407
5267
8557
3939
5689
7520
6131
2347
4290
2698
3625
1716
5459
6328
5268

681
1306
1098
1022
1098
1230
1306
1306
849
1306
1098
1138
1306
1306
1230
1138
681
1230
1306
1230
1306
1230
1306
1306
1230
1230
1098
533
1098
1230
1098
1230
1138
849
1306
1230
1022
1138
1230
1230
1306
1306
1306
1022
1138
1022
849
533
533

6107

2134
1413
6646
2286
6515
10151
6999
2691
1959
10446
3211
4792
6081
6192
5873
5185
2812
4641
2524
7232
8193
11335
4715
9719
6244
2595
6051
11438
10201
9634
7170
5316
9912
10033
1999
6278
8408
8658
6076
10905
3606
9234
2505
1476
8209
1480
1368
9716
8838
4565
8921
4318
5644
3357
7077
3242
9450
2259
5763
4353
3756
771
3049
8181
3743
4742
6737
5373

3308
3308
1850
1850
1536
2397
2397
2319
2397
2761
3308

1946
2206
2641
1457
1048
1027
2953
1913
1522
2085
2950
1397
3218
553
1123
2250
1957
377
3534
1026
643
3534
1472
3534
2597
2953
2613
813
3434
3434
3534
3534
2060
2827
2142
844
1830
3534
2839
3534
744
1468
1563
1871
3534
2893
840
1522
2404
2850
1848
1734
3218
2957
1674
2362
3043
2067
3534
3255
3118
1982
568
1318
1085
1313
2067
2634
3534
3534
3534
1734
1905
2563
916
2789
904
1084
3434
618
1488
2370
1466
2597
1213
2597
1374
1709
2981
3534
1922
1393
3534
1625
2597
3143

4158
4230
3067
3012
1578
3947
1531
1241
1599
3752
3078
2184
4557
4459
3697
1470
2041
872
2710
4846
1884
2639
3671
2070
3590
4000
3345
1624
4921
4815
4737
3131
3496
4459
5096
5096
1425
1888
4987
2995
4156
3276
3022
1043
2790
4924
3367
5096
1134
3349
1600
5096
5096
4888
1897
1257
938
1757
1467
2149
3004
1970
1571
2893
4711
2717
3984
3716
1712
2971
3069
4711
1745
3004
3084
1734
4063
3652
4288
856
1510
4681
4339

1912

8548
7874
5982
9326
9002
4470
1838
2196
7352
6348
8559
5271
4321
2611
4866
9411
7277
3562
5830
6065
7798
4618
8652
5144
7823
4922
5152
6291
5763
5675
4109
3699
9411
3801
8842
3118
1822
1346
1992
8793
6833
2483
9411
9158
9158
1045
4264
7562
7579
2940
6134
7823
5279
7274
5584
1851
6093
8129
4949
6713
4343
6071
3670
7617
6264
7026
1835
9411
4034
5707
2901
6870
1650

1529
4390
6757
8175
1373
4697
8175
7276
8175
4888
3582
1784
6363
4176
5596
2195
3186
1473
4900
6824
5455
7749
7183
1302
6672
1788
6604
5552
7900
5002
7400
331
8175
4112
2317
6109
3582
3029
5473
6712
3672
6326
7088
5940
4068

424
454
689
689
820
820
454
820
443
689
689
820
820
454
689
820

