4227
2810
4996
4765
3267
5991
1079
2288
5158
2198
3108
2286
4869
3320
4904
1426
6301
4877
3506
5242
1524
1879
556
4877
4772
2244
3631
5560
6320
5459
2748
5857
3168
5186
1611
3417
2367

6034
3696
5866
5117
4938
3230
3678
3012
2131
2919
3342
5056
1707
4776
5061
6056
5543
5016
3133
6741
2803
5959
6535
3485
4667
4622
558
1375
2163

2453
908
2453
1766
1590
1295
1471
1324
2453
1800
1084
1590
1766
1658
716
2453
1050
687
2453
1590
1624
1766
1516
2453
2453
863
2453
1766
1590
1658
1800
2453
874
2453
1692
2419
874
1482
1800
2453
1516
2453
1800
2453
1103
1482
1624
2124
2090
2453
908
937
2453
2419
937
1103
2453
1658
2090
1624
2453
1103
937
687
1624
971
1800
1261
2453
2453
2419
2453
1437
2419
2453
2453
1050
1324
2453
971
2453
1482
2453
687
2345
2453
2453
2419
2419

3721
1107
8602
5729
7404
3893
1762
2057
6151
3505
7016

2569
4152
3160
3828
4152
2288
1697
2188
3223
2392
4152
4152
1274
3065
4152
4152
1478
2956
2188
1697
1801
2818
3484
3828
4152
1276
4152
4152
2965
1801
2150
3828
3237
1221
1234
454
4152
4152
1583
4152
3828
1274
4152
2162
1520
2913
454
4152
4152
4152
2956
4152
4152
2297
4152
2818
3828
1844
4152
2150
3828
3484
2297
1290
4152

630
2673
1315
2808
4428
926
4187
3964
4809
4036
3212
4657
3410
5408
4667
2322
4107
816
3898
5007
5408
1118
1329
4507
4667
3357
2129
4645
3894
4299
1914
1411
2110
2910
802
3992
4207
1689
2814
4663
1223
4102
2804
4163
1325
4100
5408
1013
3753
1695
2583

1574
1261
1408
1299
2835
2192
1439
2335
2835
2383
1648
1283
985
2174
2835
1122
2251
1794
2835
2154
761
1138
2100
987
1342
1722

2369
2752
2852
1455
4714
616
967
3532
3843
1025
2250
4015
1961
4714
4053
4633
4192
4326
2211
570
1998
1340
4192
1686
2751
3374
2270
3364
1555
4093
2661
3392
1917
2909
1571
3097
3882
2503
3405
3531
3455
2709
3882
3451
4254
2871
2059
3129
3604
2246
2520
4714
2277
3424
4714
2295
3183
4714
3552
1166
2772
4714
2703
3944
4714
4714
2832
1790
1374
570
1550
4047
3267
1838
4714
1573
1537
3450
3243
3843
4326
1171
2479
1645
3843
4008
637
3652
1482
2909
4326
2736
1963
1569
602
1053
3099

2260
2596
1943
926
830
1943
2260
2256
2596
2592
2596
2260
1603
1615
2256
1943
2592
645
1943
2596
1939
2596
2256
1634
1943
1943
2596
1807
1630
1150
1615
2596
2596
2592
2596
657
1619
1298
1943
2596
2256
2592
2596
1615
2596
2596
2596
1943
2596
1607
1888
2596
1807
2596
1803
1888
1943
1803
1807
1619
826
2260
2596
1619
1807
981
2596
2592
1154
2596
1939
1943
2596
1943
1943
657
2596
1943
1294
1619
966
2596
2596
1247
1630
2596
1154
1807
1939
1939
1630
2260
2596
1154

5467
2186
4781
5019
5467
6443
4081
4103
2929
3079
2667
1450
6305
2244
3123
4607
3030
1726
5900
6443
3691
3787
6007
4664
2738
4102
6443
2781
3062

1506
1914
4189
1285
4744
3366
2377
3040
1774
4744
4744
2417
2344
2253
2674
1534
2923
1193
3900
690
3157
4627
3211
3900
884
4744
4744
3420
1666
3900
2047
1573
3347
1996
1815
1820
3162

6896
2276
8944
924
3091
8531
3248
8520
2034
2183
1413
7451
877
6570
2175
7288
8684
2271
9089
5123
5575
1854
5897
1487
9093
4795
8194
6127
4341
6109
3747
6926
7733
8860
8944
8590
1626
8819
5612
9269
6116
2864
1555
4637
4970
1396
7364
6925
6490
8664
5194
1224
3809

2616
1575
1771
2917
2790
1616
4539
1295
1540
1828
2405
2223
1588
1841
4101
2620
4270
3131
1362
1592
3793
1077
1872
2133
1611
1564
1231
1079
2438
4539
3031
4060
4539
808
3326
2874
705
1733
4539
3005
3263
3380
1489
973
1650
1247
4270
2995
2778
4539
2637
1098
1611
303
4539
1083
1443
4539
3524
4422
4060
3035
3052
895
1848
3716
3676
3308
985
2933
4361
2756
709
2391
4539
2656
816
2060
1787
4169
4539
4539
3670
4438
3061
4438
2773
3123
4270
3704
3492
4539
1988

1849
2076
3020
3232
2049
3675
2112
1217
2421
3675
2675
3570
1721
1631
3675
2421
1971
2816
496
2017
3675
1171
2049
2450
2675
3675
2225
2020
2095

1336
3935
3356
2734
3609
4377
1936
5958
1392

2465
3260
3260
3346
1380
3322
2197
3396
1490
3043
2001
1127
1346
3712
1280
4118
2509
2174
1578
2686
3626
3626
592
4118
1718
3626
4082
2038
2904
3521
1662
2520
1994
3260
2664
2318
3728
3455
1364
4053
2179

1484
1050
1885
1667
1484
800
1885
1050
1885
1484
1885
1018
800
1885
1885
1885
1018
800
1885
800
1018
1268
1484
484
1885
1268
1885
1018
1018
1018
1885
1268
1268
1268
1885
800
1018
1885
1885
1018
1885
800
1667
800
1050
1885
1667
1885
1885
1885
1018
1885
1885
1268
1885
1667
1667
1018
1018
1885
1885
1484
1050
484
1484
1885
1484
1018
1667
1050
1268
1268
484
1885
800
1885
1018
1667
1885
1885
1018

720
851
720
925
579
925
1056
720
579
851
1056
859
579
851
859
720
533
1056
579
1056
859
851
579
1056
925
579

1732
4212
6382
6790
6237
4041
6987
6485
4271
1979
1074
2085
5531
3283
3483
7388
1997
5975
5057
6433
4167
2601
6820
3395
5260
2313
5888
7388
1706
3272
4587
6430
6514
2187
6874
2820
4536
5370
2315
7388
5608
6905
3353
1207
4502
4157
7136
3815
5806
5625
6987
5456
5792
3793
6149
5449
2847
6445
6581
4507
6790
5822
1962
614
1708
6773
3030
5679
3166
1509
2511
5359
3771

3541
1374
3321
3760
1513
2883
3317
2994
1612
3760
3309
3309
992
3760
3760
1728
1230
3760
1030
1230
1606
3090
2165
3098
3760
1473
2829
783
3760
1996
2171
3541
2829
2378
3321
1380
2444
2171
3102
2610
2307
1449
675
1230
3760
3760
1277
2208
1230
2390
3321
2063
3317
3102
882
3541
3541
1606
882
2969
1169
1374
1234
2171
2543
1722
3760
1507
1030
1821
1272
2378
1941
1065
1065
3760
2994
1941
2878
1710
2829
1620
1277
2994

