2328
950
1729
2578
1719
1640
3268
1719
3268
1349
1630
1638
1729
3268
1518
2208
3268
2489
2419
3268
1469
3268
1549
3268
3268
1851
2419
1638
2419
1799
2489
2328
1851
3268
1729
2578
3268
1072
1518
3268
2578
1729
1799
700
2578
1002
3268
2489
1799
1549
1799
1719
2328
1640
1638
2328
1799
3268
992
3268
3268
3268
2489
1002
2419
3268
2578
2328
2419

6431
7921
7894
1624
5112
1148
7829
1747
6165
2971
8375
7957
8375
5775
7719
5452
6702
6832
7439
3846
6700
3597
3403
7485
6293
2455
8375
7220
2953
7333
7815
1687
6723
6073
2146
5894
2043
4715
5644
6037
1278
2418
1670
2327
4652
1667
3477
8375
984
4451
6138
7632
2092
3003
3879

3034
5892
3938
4693
5892
3712
4358
2490
2178
1097
5230
4673
4120
2582
1477
4501
1594
910
3363
5792
1842
2765
5507
3768
3740
3870
5792
3913
1923
1546
1833
4529
5407
2939
1452
5892
2383
3871
3399
3467
5214
1180
4234
1819
1586
4806
5396
3383
1304
4427
5229
2592
2112
2841
3924
4845
3379
4149
5294
2599
5205
4529
2093
3078
4302
2072
1595
2803
1698
5191
3246
2908
3476
1191
5205
5009
1477
1529
3764
914
1464
2527
3205
1572
2808
2525
902
751
5130
3375

1221
1481
1481
1481
1205
791
1481
1221
1481
939
1481
1481
1481
1481
1481
1481
791
1481
1481
1481
1481
791
1205
791
939
791
791
1481
791
1481
791
791
1481
1481
515
1481
1481
1481
1481
1205
1481
1205
558
939
1481
1481
1221
1205
1481
1221
1481
1481
939
1205
1221
1481
1221
1481
1205
1481
1481
1221
1221
1481

780
1525
2652
1104
2243
550
1018
2668
2668
1775
2286
2386
2668
1314
1617
2175
745
2385
1807
1029
2668
2453
2478
1921
2386
2652
2402
2277
2303
1124
1169
2652
1282
2360
2155
2668
798
1152
606
1015
2212
2483
1994
724
786
1068
1032
1416
1152
745
1587
2385
2483
759
1450
839
2668
2668
2179
1946
740

3224
5238
497
2773
4135
5296
857
7003
1945
2190
5354
7409
3633
3317
4081
6276
1846
6412
8769
2645
3167
2873
4634
7768
4499
5487
8183
1918
976
6656
7368
2751
8308
1587
3201
6106
7284
8308
4211
1882
8075
4832
8281
2851
6758
7758
5652
7794
4163
7336
4398

3513
3213
2740
2067
1359
2724
2934
2550
744
1645
3513
2564
1427
1721
1259
2011
1351
888
2185
1326
2089
2212
1415
2249
1571
378
3532
2732
1653

4176
4433
3335
72
1664
3606
2967
2616
4451
2701
1140
3674
2773
3282
929
3859
672
4042
4585
1808
4585
3238
2193
2641
2010
1239
4058
4585
2873
4328
3041
1254
3685
1218
4433
3064
1903
4585
4513
3108
1328
4560
2192
4451
2593
1261
2709
2234
1913
2998
2219
1984
4299
3646
3892
2452
3643
4408
1067
1181
3424
1984
1025
2433
4538
772
772
1731
2049
4585
2614
3307
3707
253
4264
4433
4451
4324
3541
1009
2049
2107
1825
2319
594

678
404
2285
1384
1066
2285
1562
1562
379
661
2285
2285
1562
1384
1288
2285
1401
1166
820
2285
1384
1207
962
2285
1624
2011
661
1288
1384
661
1146
2285
1401
1553
2285
1227
1227
1562
1624
1685
2285
1562
1401
881
1384
1562
2011
1066
1384
1562
2285
2285
2285
175
2285
1227
1401
1562
1066
1562
1401
1166
1562
661
2285
1384
1562
1492
1166
1562
881
404
1562
1401
423
661
1224
2285
2285
2285
1562
901
2285
678
2285
1401
1146
1562
1384
2285
962
2285
2285
1492
2285
2285
1562
678

3482
3281
4636
4735
1486
3001
5200
4750
860
2934
4918
1424
4514
4593
5711
2208
4439
3034
1491
4020
1143
2154
2487
5711
1376
4803
1008
2984
1200
1701
1504
1476
3057
4761
2334
3989
3938
2652
2633
3445
4667
4803
5711
920
4170

1607
4053
3629
2572
1307
2060
4579
3595
1578
3998
4053
2852
3183
4579
4073
3798
2994
2170
2609
3726
1837
4053
976
613
3114
1686
3004
3917
4053
4579
1997
2732
1674
3168
3814
3448
4579
1677
1937
4053
3477
4524
977
2548
4579
826
4524
1801
3148
3233
4052
3223
4579
4579
3726
1572
2333
4210
3321
3034
4579
2038
4579
4524
2745
1837
4286
2824
1923
4579
3814
2965
2137
3674
3068
3108
4579
3530
3007
982
3033
1093
1703
4579
607

2950
1450
1419
850
2290
214
2937
2950
2950
1500
1366
2167
1379
2149
1584
2950
2180
2950
2167
1502
2368
1571
2303
803
2180
1419
919
2233
2288
2180
1002
2303
1366
803
2937
1518
1487
2233
1366
730
2303
931
2381
2368
814
814
2303
1500
1015
2220

481
1214
2377
791
2211
3657
1516
1431
4697
4931
2252
1628
1907
1612
4931
2461
2705
1354
2175
4498
4091
1908
4005
2143
4517
910
2956
1484
3115
1209
3791
4039
4195
1924
3364
1999
4039
3850
3054
4498
3590
3723
3122
2311
4931
3754
1631
2334
830
1289
3556

2499
924
5242
1116
3358
1243
3587
2121
1599
3624
2654
1491
3556
3024
2582
1147
4956
1073
5242
2545

626
1868
1483
1706
826
3459
2940
4496
5164
4522
3302
3426
1872
3164
3365
5164
1783
5164
3369
4367
2665
4776
3655
2119
2643
3620
1244
2987
5164
3488
4632
616
4135
5090
4208
289
4702
3311
1033
1391
2727
4504
2621
3809
3096
1351
2528
2007
3710
4264
1907
4973
803

6145
7699
4665
1314
4208
2863
5809
5509
6735
7832
3359
5111
4500
2401
1692
9116
1414
5065
1951
10110
9201
7153
3617
8393
10110
3667
3774
7751
10110
5628
5020
1124
6152
8887
5635
2713
5929
4579
4696
2443
2002
8144
3119
6549
5739
7718
5279
7367
3541
3730
6765
8497
8696
1042
9105
1565
3087
5827
1796
837
5492
9035
4572
1653
7292
7957
2385
2396
1868
2881
2573
10110
5456
2180
8943
8289
9986
6113
10110

4230
4375
6974
7138
6475
6373
4951
7943
5333
5709
5737
7882
4182
4914
7019
1238
6207
5419
4758
7801
3331
6681
7824
3241
5349
5047
7943
2987
4377
3053
7152
7943
7438
2962
1873
6252
1942
4796
7782
6371
2316
3159
7400
1652
7695
6026
5632
7476
7943
6180
1224
5596

5449
8241
7770
7389
6025
4946
4416
8128
3386
8717
5010
3537
8717
4482
4960
2634
8717
5705
2447
6597
1096
2222
6391
8717
7822
7136
7522
8404
8116
8032
1463
1736
5995
8022
1966
6191
1708
8128
7534
6324
7067
6520
6420
7822
8128
5000
3604
5094
5284
2930
2887
6573
7810
3303
5289
7883
8717
8717
2490
6753
7182
8717
5477
6818
2181
7270
8717
7920
8280
2263
4452
6181
1394
8717
1919
6147
1947
6170
7436
7514
4740
1863
2578
5662
6894
2845

2813
6739
6904
6646
3238
662
6391
6945
2628
1061
7730
3327
1824
2188
7730
5316
5255
1335
4827
1350
3725
7413
4182
5415
2527
7608
1980
3638
6058
7730
1405
4962
4599
2344
7608
5215
7458
5032
5440
4659
6200
6985
3991
1539

5624
5792
4156
1391
4689
4433
3088
4534
3055
2528
2556
3717
4755
3279
4332
2260
3812
5058

