7170
5702
3715
1928
2351
6962
5454
3113
1697
6802
3043
7420
7496
4932
6966
3701
3329
1484
1806
3783
4987
1160
7496
4480
6551
3650
4877

1628
1360
1360
1169
1628
863
863
1628
1360
1628
1628
1628
1628
1628
1169
712
1628
1360

4023
1606
2430
4161
1361
2726
4161

5542
8701
7286
7935
4397
5540
8082
2358
5037
6687
5057
2363
6435
8357
7759
8268
3482

1388
895
632
1028
3715
2178
4603
1916
3171
4603
3715
2266
900
1453
3920
4603
4603
2000
4603
1288
2178
2744
1628
1126
3632
4197
4603
1973
4139
4603
2283
3715
3063
4603
538
2122
1817
898
2354
402
2028
522
1950
4603
975
3416
2030
3037
3715
3782
2092
1066
3742
3185
4123
3171
2557
928
3632
4603
1749
1298
4140
1783
2717
4139
1288
1745
4260
2121
1745
2721
4142
3120
4603
1126

2359

3334

3779
2554
8891
1756
5876
4298
3589
6210
6152
1864
4223
7795
7977
5392
8104
8891
7818
1181
2657
2490
3265
4761
3238
694
6084
1173
1050
7855
5931
8488
1660
7104
8891
7056
5870
6901
4409
6727
3487
6472
8818
8194
7401
4257
2476
8750
8891
8029
3103
1616
8117
5088
1846
5729
1919
7240
3167
5913
2087
8891
6845
6438
2790
7420
1363
4002
8180
5355
8752
6841
1745
5733
1753
6683
4326
8146
5397
8402
1180
5094
2266
1067
7014
5349
4849
6128
8402
5339
7455
851
7158
5172
6403

2825
1759
2455
1667
1473
2436
1608
2825
2825
2177
2199
1249
2455
2228
1997
1894
1638
677
2015
2825
1246
1505
1249
1759
2569
1278
1638
1411
1090
1246
1894
2436
1268
1894
1997
810
810
1810
2569
2342
1741
2825
2455
1135
1090
696
1066
1505
696
2569
696
2455
1090

7302
2288
12087
6443
8877
12605
7934
6139
9565

5846
5846
2423
2516
2354
978
3831
5846
5846
4107
5846
4842
2881
2379
5846
2763
3537
4178
1296
5623
5846
5352
1134
5846
5431
3071
3139

630
1256
1256
1032
1135
1097
630
747
1256
1135
1097
1032
1256
1256
1256
630
1135
1256
1256
747
1135
1135
1256
1256
1218
1097
1256
1218
1032
1097
747
1256
1032
1135
1256
1135
1256
1135
630
747
1256
1032
1256
1135
1256

4842
6035
2754
4807
7776
1581
5676
7535
6411
1570
7018
1507
6027
7762
7535
3937
3153
6525
7776
7109
5057
2617
7150
6188
6334
4850
2102
6313
7197
7447
3243
7776
1557
1714
1415
3043
1250
2715
1536
3500
1008
5846
776
4055
2592
2696
6029
3740
7776
6544
6052
6803
4488
7630
5103
6583
7776
1330
6409
6024
1952
2515
1650
5579
3468
7083
6760
3341
4443

1553
1553
2466
1099
2466
1515
1553
578
871
1889
1056
2466
2466
1932
1491
2466
1969
2386
1969
2466
1099
1056
1473
1019
2385
1392
1888
1410
1969
994
2386
1969
994
1969
1056
2466
2466
1411
1553
2466
2012
2012
1553
2386
1473
1392
1056
2466
2466
994
2386
1411
1056
1056
1888
1435
2466
1553
1392
1019
1473
1411
2466
1969
1515
976
2386
2466
2385
1553
2466
578
914
2466
1515
952
2466

8560
7065
9359
8259
3554
2761
5605
8848
6072
6217
5670
10096
5854
8841
4879
7677
1978
8346
2225
5409
10096

3746
1051
5593
1203
4614

3381
1101
4688
2771
5022
3063
3289
5460
1974
1794
4261
1973
4711
5460
3634
5460
2266
5460
733
5460
2129
5418
4553
5437
3192
5418
5460
3870
1864
555
2442
5023
3684
712
4884
3239
4062
5460
830
3048
5460
1541
5273
1411
2838
3144
863
5097
646
523
3581
3074
1368
3354
5273
4553
5460
1629
1356
5460
4711
4466
5460
3629
1363
5250
5273
3165
2234
2960
3842
5460
3606

567
1155
1155
612
1155
1155
1155
1155
1155
612
567
1155
1155
1155
1155
1155
399
399
399
1155
1155
1155
1155
1155
1155
832
832
832
832
1155
1155
612
612
399
1155
1155
832
581
832
1155
1155
1155
1155
832
1155
1155
1155
612
1155
1155
399
581
1155
832
1155
581
1155
832
832
832
832
567
1155
832
567
1155
612
1155
1155
581
1155
1155
1155
1155
1155
581
399
832
832
1155
612
832
1155
1155
612
832
832
612
1155

1038
1981
2046
1115
1981
2046
1115
2046
1981
2046
1115
2046
2046
2046
1840
2046
1137
2046
1115
2046
2046
2046
1969
1840
1981
2046
1981
1917
986
1917
1060
2046
1969
1852
2046
1981
1969
2046
1852
1969
2046
2046
1917
1008
1981
1115
1917
1840
1981
1981
2046
1981
2046
1137
986
2046
986
2046
1050
1115
1981
1050
1981
1981
1981
1032
1981
1981
1115
1050
986
1137
1050
1032
1981
1917
2046
2046
1032
1981
2046
2046
1060
1969
1852
1981
1969

1361
1097
2173
1361
1477
1076
1282
1076
1628
1477
2007
2007
2173
2173
2007
1512
2057
1628
1026
1642
647
1026
2007
1192
1026
1477
666
2173
1842
1642
1526
1076
2173
666
2173
2173
1512
1297
932
1842
1361
2173
1628
2173
1512
1647
1842
2173
1512
1647
666
1842
1462

