5284
4799
4426
3177
1909
2574
5095
3436
4252
3746
2161
2176
4661
3628
3960
1732
5085
4551
2172
5568
3521
4220
3814
1479
2229
1380
5688
3615
4717
1970
4055
5680
6061
5959
6465
1909
5267
5969
2870
4629
1861
1181
5602
4988
6072
4038
3920
2628
1610
5578
2697
3107
2366
6061
6465
2524
1344
2061
3924
1669
1847
1154
2769
4627
5006
5688
5433
4453
4768
4241
3482
1259
3746
5299
4811
2463
1090
2123
6465
1779
2432
1747
6253
1560
5805
4577
3909
1479
2891
2071
5849
4101
3945
2062
2771
4686
4092

2755
1388
1097
3567
992
2553
3567
2011
3111
1387
2927
3152
3172
2757
682
2965
1598
1346
3567
2075
1101
3172
1451
1304
2570

1108
1051
1226
505
1108
1089
1226
1009
1188
891
1108
505
1226
900
1108
1051
1188
1037
1009
1226
1108
1108
1108
1226
505
1089
1051
1037
1226
1226
1108
891
1226
1226
505
354
1089
505
1226
891
1108
1226
467
891
505
1037
1188
891
1051
1108
1037
1089
1108
1089
1108
1188
1037
1108
1089
891
467
1108
1108
1037
1108
1226
891
1108
1075
891
505
891
1226
1089
1108
1108
891
1051
1226
1226
938
1108
1051
1037
354
1226
1009
1009
1108
938
467
1089
1226
1108
368
1108
1037
1108
1108

4412
1762
4402
5194
3458
2559
5275
4412
3002
2209
3710
3209
2666
4402
2689
3415
4412
970
4321
1315
5194
1931
839
3791
4402
2437
4402
1313
3458
1762
4150
1565
5275
3378
3082
4288
2193
1320
3529
3297
2669
4348
4664
2552
2689
2885
2749
3791
1313
1581
2455
5275
5275
839
5275
3529
4402
4529
2902
4053
2193
1931
2689
4234
4053
3710
4321
2471
5275
1042
5023
1582
4412
839
5275
5275

2343
5096
4138
3091
3175
4801
2985
4834
4218
4218
3521
4140
1057
4834
1963
3363
4218
1664
4861
1552
1332
1756
5085
1298
1309
3071
1629
3290
4834
1996
4334
5085
938
4390
2838
2214
5096
3185
3697
1902
3699

6602
714
2804
4750
5916
2285
5317
1237
5959
3863
6602
5321
2778
6602
4768
2600
797
4147
4414
5274
5043
4734
3025
2114
5348
5245
4816
6602
5238
3170
4353
6328
5433
6327
6537
1925
5395
2955

938
733
1289
907
1289
907
938
881
1232

2401
4605
1048
4493
4605
3876
4493
3708
3503
4605

8820
4024
9661
3063
7391
7690
7133
1168
8342
688
1700
8078
2848
8932
5443
1498
2371
4006
8042
4291
9452
1286
1623
7063
2472
4993
8374
7386
9452
6735
7538
8314
6500
9463
555
5148
7647
4927
6664
9076
8003
2432
8991
9661
8363
7933
8837
6636
4480
4450
1235
6240
8932
7697
2107
8663
5629
7180
1770
4650
6668
8311
4439
771
6494
7150
8784
6119
1769
6820
7433
9416
4386
2351
4290
4629
2147
2043
7770
6656
9420
6610
6091
9335
9380
5940
5450
4355
8847
6144
2851
2969
6312

1688
954
961
734
456
837
456
1688
1585
1681
954
837
1585
1688
1578
837
961
1585
961
1688
456
830
954
1585
1578
1688
1688
961
961
961
1688
1681
1585
837
858
1578
837
954
1688
1585
1688
1681
954
1585
1681
1681
961
954
1585
1688
961
1578
830
961
837
961
830
1681
830
1585
1681
1578
1585
961
961
1578
837
837
456
954
1688

6719
4005
6778
6778
3924
3665
2597
1354
6201
5669
5649
5929
1512
6719
2358
6446
5929
3004
6764
5943
3650
1131
4362
5306
4403
1114
6778
5140
6127
4529
3805
2919
4417
5335
5450
6002
4448
5889
2758
4971
3501
1434
3155
5053
5150
2400
3089
6088
5781
3951
1349
3311
4897
3817
1325
6527
4040
1291
4197
4448
4388
6778
4501
4229
6433
6719
3015
1550
4202
6372
2270
453
3450
2884
6778
6719

686
2335
1170
2316
2372
393
1873
1202
927
3051
2372
2597
1240
1406
3051
2335
3051
1201
1645
1644
1873
1375
3051
1881
2777
2801
3051
966
1195
1645
1599
643
2085
1660
3044
1645
1140
2123
3051
966
3044
2328
847
1656
981

1438
948
1262
2615
1568
1177
3278
1875
830
2615
3278
2023
3278
2478
2636
2615
3278
3278
1543
901
2462
3278
2972
2066
3278
3278
2462
1493
1686
3278
3278
3278
1568
3278
3278
1543
3278
1764
1488
2085
1018
3278
2427
3278
2121
3278
2611
1849
948
2997
2611
2615
2839
2427
2181
3278
1967
1457
1488
3278
1488

4538
7563
6673
5893
8453
6044
5225
4710
3542
8186
7277

2910
6702
9073
620
1914
5783
2035
8921
7741
7655
2109
7865
3015
3146
5530
5683
1292
7468
4494
7348
8475
1907
7766
3433
4077
3404
9666
8298
6770
4297
7758

1090
1953
1953
1804
1090
1953
1953
1953
1568
1052
1953
1052
1804
1953
1568
1052
1953
1953
1953
1804
1804
1804
1953
1804
1953
1953
1090
1953
1953
1090
1953
1052
1804
1953
1052
1804
1568
1568
1568
1248
1804
1090
1090
1804
1090
1052
1953
1953
1052
1804
1052
1052
1953
1953
1953
1090
1953
1953
1052
1052
1953
1804
1090
1953
1090
1804
1953
1953
1248
1052
1953
1804
1248
1953
1090
1568
1090
1090
1804
1953
1953
1804
1090
1953
1052
1568
1804
1090
1804
1052

5183
1208
3029
4653
1156
3391
4419
5449
2801
5339
2288
1793
1287
5449
2059
4426
2825
4112

8355
5006
5809
4894
2916
7203
7258
10283
1922
2303
5275
10693
6729
10550
5386
4313
8886

5845
1013
3241
6234
1686
3939
4953
7505
3554
6540
4814
1967
5198
959
7246
5015
6120
6358
5297
7715
4933
3706
3189
2826
7656
1753
1047
1980
2771
4353
2524
6438
5014
2711
4251
6208
2424
2364
5244
2671
6768
4342
881
3151
8117
4397
6477
8117
6035
4853
4790
7580
2792
5403
5974
4117
4163
2122
8088
5299
338
5612
6081
5754
557
7523
6762
6956
3905
1884
5659
3863
6945
2453
2072
5364
3188
1669
8088
3216
2733
2427
2666
867
6694
6116
7548
1467
1025
1663
4756
7580
5807
626
6880
6656
3546

3734
6580
6796
4251
4967
7070
6265
7353
5166
5504
7423
1501
2819
7277
4193
6924
2300
4739
6839
3585
1584
6606
5532
6256
5283
5765
7112
770
7518
2855
5371
6206
4557
6683
3953
1995
4554
1733
1105
2746
1497
981
4975
6226
601
2323
5787
1021
5551
3050
3721
3850
4795
1557
2707
778
4198
7070
1043
4373
3711

