1548
1548
1587
1587
1587
1587
832
1040
1534
1587
1040
1587
1040
1534
1548
832
1587
1548
885
1548
1534
1587
1548
1548
1040
1548
1587
1587
1587
600
1587
1587
561
561
1587
885
1040
1534
1587
1548
1534

4743
2187
2978
2497
378
4659
2302
4659
3773
4650
3773
1000
5107
4897
5107
2299
3444

1406
1000
1078
1078
1405
1405
734
1406
1405
1405
1000
1406
1406
1406
1405
1405
1405
1405
1406
1406
1405

3825
5194
2351
3047
4794
6465
3019
6036
5884
5471
6282
2285
2950
784
2602
2535
3438
5488
5433
3734
2082
4532
6465
3598
3096
2395
4144
5358
3914
5494
6335
5223
5296
3874
5031
1224
4584
4533
4162
4205
3147
998
785
4650
6054
885
5601
5594
1969
3098
3982
2890
5979
5579
2586
1658
6380
630
5143
2786
2360
5361
2917
926
4539
6429
5116
831
3609
1157
5579

758
1932
2269
203
1318
1501
2452
758
2115
2472
2115
1501
1491
2115
1501
2115
2095
737
2472
982
1154
758
992
2472
1511
1932
2472
1933
1511
1932
2269
2095
972
2115
992
737
972
981
1511
2115
2472
1002
737
1328
2095
1154
1521
2310
737
1308
982
1318
1511
2472
1953
2310
1511

5229
2773
3660
3222
7801
8218
8445
6286
1318
7029
3436
6421
2217
1417
6098
4174
2180
8303
6357
2253
4131
2056
1267
4554
5027
6667
3083
6599
5518
6204
6602
9268
6701
4047
5940
5165
6108
6102
7441
6894
2383

5311
5816
5166
6835
1154
5220
6835
6835
3687
5013
6394
2197
6835
1754
1479
2896
1667
6835
1362
2514
2886
4307
4332
3850
4642
6835
6835
3668
3018
1929
6835
6168
6634
4161
6118

7592
7213
7305
2409
2310
1199
1895
7616
1439
7863
7102
8597
2959
1150
1495
8233
6540
3693
4311
7525
7653
8679
8905
5589
1669

4229
1091
3800
1843
6097
7953
4485
1224
6332
5014
5411
7483
1146
5154
8886
6213
2350
1772
5758
4687
2154
3165
3179
6267
6215
5772
8183
1986
5839
1152
2412
2433
7255
8129
8634
5534
6655
2214
1437
7484
6403
5471
1417
7637
8656
7409
778
6893
3178
5133
3509
2774
6565
948
4280
5784
4549
6767

2910
1736
1129
2638
2910
1051
2638
2910
2018
2018
1064
2263
1846
1574
2910
1306
1536
809
2910
2910
1681
874
682
1763
1536
2910
2263
1953
1034
1371
2285
1099
2910
2910
1953
1396
2910
2655
2018
1991
1129
439
1328
1953
1129
954
1396
1574
1953
1396
1746
1763
1953
844
2383
2123
2655
2383
2910
1371
2263

9147
7123
2451
5989
8546
8438
2880
8150
8718
4008
1485
1815
7744
7136
5846
7480
3009
7375
3924
3792
1767
5579
9183
6873
2706
2359
6501
2755
9399
2668
9338
6289
1916
6071
3032
2364
3409
934
8204
3898
8881
7424
5282
2438
7533
5181
9399
728
6559
5746
1362
8406
8665
6673
6705
3955
7050
5536
7310
6470
9399
5822
980
7354
3854
1068
1156
4843

512
1153
996
878
996
878
1153
878
996
878
842
1153
1153
798
878
842
842
842
842
1153
512
1153
842
996
1153
878
878

702
1034
2221
1655
2221
1600
1600
2221
2221
2221
2221
1268
1034
2221
1655
850
2221
1574
1268
1655
1600
1268
1655
1600
2221
1600
1655
1655
1268
1600
2221
1600
1655
1268
1034
2221
1600
702
2221
850
1268
2221
2221
1600
1600
1268
702
1574
2221
1600
2221
2221
850
1574
2221
1268
2221
1268
1268
2221
1600
2221
2221
2221
2221
1574
1655

2806
4029
1112
5601
2863
1829
1179
4346
2910
3107

490
3210
2952
2553
1544
2948
3531
2523
2740
2335
3094
3531
1193
2676
3294
1877
2800
3877
1684
2319
3877
474
3299
2474
2351
3007
3147
2049
2000
2716
3877
1271
3877
1271
1953
2588
1525
3877
3385
3877
790
2381
2948
2676
426
2454
3385
2907
3877
3877
2368
3619
3094
1670
3619
2319
755
3385
3877
1545
1382
1356
3877
3432
1703
3147
3531
604
2855
3877
2676
3107
2588
1631
3877
2070

3011

3643
4129
1922
866
4677
3827
1115
1891
3526
2098
3788
4588
1122
2177
2455
1343
4677
921
4677
4677
857
2032
2554
3179
4677
1493
4108
3497
2925
3244
4677
3827
2490
1804
3884
1808
1839
3023
1980
1714
1163
1381
2294
3236
4588
4394
4387
4125
3816
4677
4274
3788
3095
2603
1642
3633
4677
4306
1229
1292
4677
1493
2893
2093
3007
4677
2362
2929
4677
4677
893
4217
1391
3006
1034
2745
1739
4588
3767
971

3150
2146
3439
2588
1455
2156
3743
3743
1149

1157
1520
2293
2190
3031
3031
3031
1481
3031
3031
2254
2662
2122
1977
2346
3031
1135
3031
2623
2559
2471
663
1394
1167
617
1630
2122
1522
1891

4786
1311
5202
4899

