1613
2170
2762
2762
2357
2628
4063
3956
1427
2605
3308
1942
4063
3308
4063
1252
2309
3841
2605
2914
2350
3911
1612
1030
2253
2096
2459
333
3156
2411
1149
2602
4063
3122
2469
2915
2925
3015
2273
3962
1351
542
2350
1128
2250
1055
2017
2717
846
3166
2869
3211
3911
3308
1543
672
2118
1948
2367
3804
3911
2729
2925
494
2191
3855
4063
1602
3911
1899
2469
2814
1948
1883
2985
3156
1961

1724
4973
2883
5430
6823
1884
4255
2688
5431
3445
799
6868
2573
5790
5291
4049
7660
3767
5418
7085
3766
5451
2395
1227
1739
6861
6208
5076
6345
6268
6324
1643
3071
1683
4850
6252
6867
6568
6868
2326
2797
1814
2418
5365
2684
6164
1776
5241
1026
4922
7797
4796
1760
7666
6120
2634
2573
4745
1375
1321
7797
7090
2779
1994
2835
7797
1801
7046
7181
6360
5931
3733
4358
7797
5383
7085
1512
4856
7660
4816
3633
5124
2402
5744
4429
7797
2680
4245
4634
6855
7797
6473
4582

1917
2002
1536
2245
3128
3127
3564
2799
3121
2015
1608
3564
1126
2675
1924
2364
1801
3243
654
1331
3564
1767
2206
2238
1331
1009
1919
3121
654
2677
2894
1995
2424
2971
2685

1724
4796
6012
5585
4863
2099
3838
5245
5703
3907
4873
3267
2348
1421
4547
1728
3285
4605
5285
4479
3442
2220
2652
4923
940
6012
1927
4312
4331
1741
1463
6042
3722
5812
2404
4640
2567
4591
2453
3885
1748
4222
1781
5636
1473
2755
761
2938
1213
1896
5742
4336
4765
1602
5328
2836
3070
2812
5601
5216
4870
5666
6042
1496
4600
1297
3575
3747
899
4191
3518
5010
4397
4417
4174
2328
6042
2739
4180
1458
2900
2945
5436
4513
6042
5666
3122
3912
4543
4886

4487
6474
5365
3045
4880
1341
2135
4285
3753
2417
5708
5847
4086
4391
3873
5609
6526
2120
4653
2498
6056
1451
1250
2545
5609

780
1483
2883
1170
1688
2311
2274
2164
2998
650
1882
683
1607
1973
2557
863
1237
1916
2998
1573
1817
1817
1882
1483
1848
2541
2998
1486
302
1840
1906
1343
1488
1857
2557
2998
1167
1116
2998
572
1508
2672
1156
759
2320
2369
788
667
2417
1026
302
1310
757
748
2883
1228
532
903
2406
683
2998
2978
1846
1119
2998
2492
2389
2998
2297
2998
1332
1425
2998

1623
5036
5042
3330
4795
1476
4795
2222
3495
991
5777
1101
4630
4654
1858
3332
2698
2503
5495
4686
890
4208
982
4055
2896
4895
5071
3270
2213
2642
1825
1774
4795
4109
1889
2734
2400
2437
876
2942
3446
4070
4244
1713
5777
4166
2472
5036
2173
5036
5196
3273
1515
4642
4356
2166
1648
3072
4288
1364
1123
4789
1752
5777
3442
1452
2853
3725
2072
3143
1136

3868
5279
4983
5102
5279
1304
2840
2674
4325
2112
2370
4983
2505
2851
4460
2402
5279
2523
4352
4135
3719
4502
5279
5279
5279
1577
4502
2460
2498
4806
1590
3590
2194
3522
2717
1532
3166
5089
1966
1755
3324
3002
5279
5279
5279
2510
2357
3091
4111
1280
2624
1443
1085
656
5279
3551
2313
1620
1647
5279
1803
1512
3203
4164

3803
1712
7837
7230
7419
3854
7345
3467
4126
5728
3527
8136
7017
7893
6907
7200
3813
644
3653
4271
6713
3244
4040
1263
3931
4178
4170
7387
6633
5321
8136
4405
6981
4537
7390
2385
6603
6900
4639
1094
5147
8136
5855
5416
5847
1995
6592
7813
5082
3953
3402
3834
6310
3211
2828
4941
3933
6268
7185
2499
4690
8136
6876
5880
8136
7608
3112
1641
3035
8136
7727
6879
3981

1957
3478
1644
3210
5978
3529
6158
2969
5160
2666
5171
6158
6158
2343
1455
3039
2011
1601
5096
4421
1674
1948
5171
1786
4038
4465
3602
1049
6158
4495
4059
4571
1323
3192
2081
6158
3778
3529
3034
6158
5201
4367
2122
4426
3665
2605
1847
5262
3703
4872
2855
1552
3438
860
2134
4266
1318
2256
3162
4142
6158
4550
5179
4424
3201
980
1559
973
1979
1440
2022

1203
563
1384
1384
382
192
1203
1203
1384
1384
563
563
563
1013
1203
1384
1384
1384
1384
1384
1002
1002
1203
1384
1203
1203
1203
382
192
832
1384
192
1203
1203
563
1384
192
1384
563
1384
192
1002
1384
1384
1384
563
1384
563
563
832
1384
1002
1013
1384
1203
1384
1203
1203
1013
192
1384
1384
1384
1203
1384
563
563
1203
382
1384
832
192
1384
1002
1013
1203
1384
1384
1384
1203
1013
1384
563

4780
4799
4379
4588
3736
2521
5928
4169
5407
4799
1475
4714
2279
5235
3742
1543
3017
4770
1357
4416
3826
2511
5719
3986
699
2850
3517
1739
5801
5928
4263
2434
2950
1439
4757
1258
5407
4324
5836
5082
4705
3190
2270
5276
4839
2067
5109
4621
3988
5526
2841
3482
4244
5276
4352
2435
5407
5075
2000
3532
5894
5450
2610
1298
2619
2004
3215
3424
275
3122
5082
4754
2487
869
5407
2839
1880
1951
5928
3767
4234

432
2258
1482
1408
1257
2184
2369
1752
2369
1408
2258
2369
1863
2258
2369
632
2369
1752
902
2369
2369
1087
2369
1223
2184
2048
976
1752
1393
2369
1482
580
1297
1482
2184
1467
632
1087
791
1257
2369
2369
1467
1087
2369
1593
1282
1482
1257
2369
1593
1072
617
2073
1937
580
1408
1112
1593
1087
976

4259
2018
4173
4893
1265
8831
7956
1000
1826

1421
1005
575
2200
1005
2200
1999
2200
1225
2200
2200
918
1064
1224
1370
1818
818
1526
918
1999
1321
1855
2200
1730
2019
2200
818
1713
2200
675
1206
2144
1268
519
1651
2200
1268
980
2200
1263
1999
2200
2144
1425
575
994

4662
2304
7593
4263
3641
6866
7593
3724
2996
1557
3173
3737
6639
1740
7252
2888
3300
2645
7593
5270
2239
4274
6672
5989
6388

1037
1885
1885
1885
1224
1558
1224
1037
1224
1885
1558
979
1885
1885
1558
1885
1224
1885
1224
1754
1224
1558
1754
1558
979
1885
1885
1558
1754
1885
1558
1558
1885
1885
1224
1558
1037
1885
1754
1224
1885
1885
1558
1885
1885
979
1885
1224
1885
1885
1037
1885
1224
1754
1754
1037
1885
1885
1558
1224
1885

4300
4936
6113
5968
3972
5004
5685
2060
4945
5589
5687
6972
4870
1266
3725
4957
896
4700
1201
576
4075

4890
1385
5186
5117
2679
4225
3087
2138
5079
1659
3281
4787
5191

2745
5627
5627
4946
5627
2171
1386
3576
2745
4803
4056
2255
5855
3807
5179
5996
5060
4050
4518
3688
1799
2174
1800
5060
3278
3733
5996
3537
1122
1777
2660
2075
5996
3168
1777
2659
3688
3186
5996
2758
5352
2249
2745
1094
5996
5172
1572
5172
5060
2309
5996

